N:\SEMESTER 01\WEEK 01\AIE BASIC FRAMEWORK\DEBUG\EMPTY SDL APP.EXE
N:\SEMESTER 01\WEEK 01\AIE BASIC FRAMEWORK\DEBUG\EMPTY SDL APP.ILK
N:\SEMESTER 01\WEEK 01\AIE BASIC FRAMEWORK\DEBUG\EMPTY SDL APP.PDB
N:\Semester 01\Week 01\AIE Basic Framework\SDL App\Debug\cl.command.1.tlog
N:\Semester 01\Week 01\AIE Basic Framework\SDL App\Debug\CL.read.1.tlog
N:\Semester 01\Week 01\AIE Basic Framework\SDL App\Debug\CL.write.1.tlog
N:\SEMESTER 01\WEEK 01\AIE BASIC FRAMEWORK\SDL APP\DEBUG\EMPTY SDL APP.EXE.EMBED.MANIFEST
N:\SEMESTER 01\WEEK 01\AIE BASIC FRAMEWORK\SDL APP\DEBUG\EMPTY SDL APP.EXE.EMBED.MANIFEST.RES
N:\SEMESTER 01\WEEK 01\AIE BASIC FRAMEWORK\SDL APP\DEBUG\EMPTY SDL APP.EXE.INTERMEDIATE.MANIFEST
N:\Semester 01\Week 01\AIE Basic Framework\SDL App\Debug\Empty SDL App_manifest.rc
N:\Semester 01\Week 01\AIE Basic Framework\SDL App\Debug\link.5136.read.1.tlog
N:\Semester 01\Week 01\AIE Basic Framework\SDL App\Debug\link.5136.write.1.tlog
N:\Semester 01\Week 01\AIE Basic Framework\SDL App\Debug\link.5136-cvtres.read.1.tlog
N:\Semester 01\Week 01\AIE Basic Framework\SDL App\Debug\link.5136-cvtres.write.1.tlog
N:\Semester 01\Week 01\AIE Basic Framework\SDL App\Debug\link.command.1.tlog
N:\Semester 01\Week 01\AIE Basic Framework\SDL App\Debug\link.read.1.tlog
N:\Semester 01\Week 01\AIE Basic Framework\SDL App\Debug\link.write.1.tlog
N:\Semester 01\Week 01\AIE Basic Framework\SDL App\Debug\link-cvtres.read.1.tlog
N:\Semester 01\Week 01\AIE Basic Framework\SDL App\Debug\link-cvtres.write.1.tlog
N:\SEMESTER 01\WEEK 01\AIE BASIC FRAMEWORK\SDL APP\DEBUG\MAIN.OBJ
N:\Semester 01\Week 01\AIE Basic Framework\SDL App\Debug\mt.command.1.tlog
N:\Semester 01\Week 01\AIE Basic Framework\SDL App\Debug\mt.read.1.tlog
N:\Semester 01\Week 01\AIE Basic Framework\SDL App\Debug\mt.write.1.tlog
N:\Semester 01\Week 01\AIE Basic Framework\SDL App\Debug\rc.command.1.tlog
N:\Semester 01\Week 01\AIE Basic Framework\SDL App\Debug\rc.read.1.tlog
N:\Semester 01\Week 01\AIE Basic Framework\SDL App\Debug\rc.write.1.tlog
N:\Semester 01\Week 01\AIE Basic Framework\SDL App\Debug\vc100.idb
N:\SEMESTER 01\WEEK 01\AIE BASIC FRAMEWORK\SDL APP\DEBUG\VC100.PDB
