cl : command line warning D9035: option 'Gm' has been deprecated and will be removed in a future release
  Player.cpp
  main.cpp
F:\Old comp files\Momin_Muhammad_Assg2\SDL App\main.cpp(87,40): warning C4244: 'argument': conversion from 'int' to 'float', possible loss of data
F:\Old comp files\Momin_Muhammad_Assg2\SDL App\main.cpp(87,30): warning C4244: 'argument': conversion from 'int' to 'float', possible loss of data
F:\Old comp files\Momin_Muhammad_Assg2\SDL App\main.cpp(92,45): warning C4244: 'argument': conversion from 'int' to 'float', possible loss of data
F:\Old comp files\Momin_Muhammad_Assg2\SDL App\main.cpp(92,31): warning C4244: 'argument': conversion from 'int' to 'float', possible loss of data
  bullet.cpp
F:\Old comp files\Momin_Muhammad_Assg2\SDL App\bullet.cpp(26,38): warning C4244: '=': conversion from 'int' to 'float', possible loss of data
F:\Old comp files\Momin_Muhammad_Assg2\SDL App\bullet.cpp(27,38): warning C4244: '=': conversion from 'int' to 'float', possible loss of data
  Generating Code...
bullet.obj : warning LNK4075: ignoring '/EDITANDCONTINUE' due to '/SAFESEH' specification
AIE Basic Framework_d.lib(GL_Functions.obj) : error LNK2038: mismatch detected for '_MSC_VER': value '1600' doesn't match value '1900' in main.obj
AIE Basic Framework_d.lib(pctimer.obj) : error LNK2038: mismatch detected for '_MSC_VER': value '1600' doesn't match value '1900' in main.obj
LINK : warning LNK4217: symbol '??1exception@std@@UAE@XZ (public: virtual __thiscall std::exception::~exception(void))' defined in 'MSVCRTD.lib(throw_bad_alloc.obj)' is imported by 'AIE Basic Framework_d.lib(GL_Functions.obj)' in function '"public: virtual __thiscall std::bad_alloc::~bad_alloc(void)" (??1bad_alloc@std@@UAE@XZ)'
LINK : warning LNK4286: symbol '??1exception@std@@UAE@XZ (public: virtual __thiscall std::exception::~exception(void))' defined in 'MSVCRTD.lib(throw_bad_alloc.obj)' is imported by 'AIE Basic Framework_d.lib(pctimer.obj)'
LINK : warning LNK4217: symbol '??0exception@std@@QAE@ABV01@@Z (public: __thiscall std::exception::exception(class std::exception const &))' defined in 'MSVCRTD.lib(throw_bad_alloc.obj)' is imported by 'AIE Basic Framework_d.lib(GL_Functions.obj)' in function '"public: __thiscall std::bad_alloc::bad_alloc(class std::bad_alloc const &)" (??0bad_alloc@std@@QAE@ABV01@@Z)'
LINK : warning LNK4286: symbol '??0exception@std@@QAE@ABV01@@Z (public: __thiscall std::exception::exception(class std::exception const &))' defined in 'MSVCRTD.lib(throw_bad_alloc.obj)' is imported by 'AIE Basic Framework_d.lib(pctimer.obj)'
AIE Basic Framework_d.lib(GL_Functions.obj) : error LNK2019: unresolved external symbol "__declspec(dllimport) class std::basic_ostream<char,struct std::char_traits<char> > & __cdecl std::endl(class std::basic_ostream<char,struct std::char_traits<char> > &)" (__imp_?endl@std@@YAAAV?$basic_ostream@DU?$char_traits@D@std@@@1@AAV21@@Z) referenced in function "void __cdecl CloseDown(void)" (?CloseDown@@YAXXZ)
AIE Basic Framework_d.lib(GL_Functions.obj) : error LNK2019: unresolved external symbol "__declspec(dllimport) public: __thiscall std::_Container_base12::~_Container_base12(void)" (__imp_??1_Container_base12@std@@QAE@XZ) referenced in function "public: __thiscall std::_Hmap_traits<class std::basic_string<char,struct std::char_traits<char>,class std::allocator<char> >,int,class stdext::hash_compare<class std::basic_string<char,struct std::char_traits<char>,class std::allocator<char> >,struct std::less<class std::basic_string<char,struct std::char_traits<char>,class std::allocator<char> > > >,class std::allocator<struct std::pair<class std::basic_string<char,struct std::char_traits<char>,class std::allocator<char> > const ,int> >,0>::~_Hmap_traits<class std::basic_string<char,struct std::char_traits<char>,class std::allocator<char> >,int,class stdext::hash_compare<class std::basic_string<char,struct std::char_traits<char>,class std::allocator<char> >,struct std::less<class std::basic_string<char,struct std::char_traits<char>,class std::allocator<char> > > >,class std::allocator<struct std::pair<class std::basic_string<char,struct std::char_traits<char>,class std::allocator<char> > const ,int> >,0>(void)" (??1?$_Hmap_traits@V?$basic_string@DU?$char_traits@D@std@@V?$allocator@D@2@@std@@HV?$hash_compare@V?$basic_string@DU?$char_traits@D@std@@V?$allocator@D@2@@std@@U?$less@V?$basic_string@DU?$char_traits@D@std@@V?$allocator@D@2@@std@@@2@@stdext@@V?$allocator@U?$pair@$$CBV?$basic_string@DU?$char_traits@D@std@@V?$allocator@D@2@@std@@H@std@@@2@$0A@@std@@QAE@XZ)
AIE Basic Framework_d.lib(pctimer.obj) : error LNK2001: unresolved external symbol "__declspec(dllimport) public: __thiscall std::_Container_base12::~_Container_base12(void)" (__imp_??1_Container_base12@std@@QAE@XZ)
AIE Basic Framework_d.lib(GL_Functions.obj) : error LNK2019: unresolved external symbol "__declspec(dllimport) public: __thiscall std::_Container_base12::_Container_base12(void)" (__imp_??0_Container_base12@std@@QAE@XZ) referenced in function "public: __thiscall std::_String_val<char,class std::allocator<char> >::_String_val<char,class std::allocator<char> >(class std::allocator<char>)" (??0?$_String_val@DV?$allocator@D@std@@@std@@QAE@V?$allocator@D@1@@Z)
AIE Basic Framework_d.lib(pctimer.obj) : error LNK2001: unresolved external symbol "__declspec(dllimport) public: __thiscall std::_Container_base12::_Container_base12(void)" (__imp_??0_Container_base12@std@@QAE@XZ)
AIE Basic Framework_d.lib(GL_Functions.obj) : error LNK2019: unresolved external symbol "__declspec(dllimport) public: void __thiscall std::_Container_base12::_Orphan_all(void)" (__imp_?_Orphan_all@_Container_base12@std@@QAEXXZ) referenced in function "public: __thiscall std::_String_val<char,class std::allocator<char> >::~_String_val<char,class std::allocator<char> >(void)" (??1?$_String_val@DV?$allocator@D@std@@@std@@QAE@XZ)
AIE Basic Framework_d.lib(pctimer.obj) : error LNK2001: unresolved external symbol "__declspec(dllimport) public: void __thiscall std::_Container_base12::_Orphan_all(void)" (__imp_?_Orphan_all@_Container_base12@std@@QAEXXZ)
AIE Basic Framework_d.lib(GL_Functions.obj) : error LNK2019: unresolved external symbol "__declspec(dllimport) public: struct std::_Iterator_base12 * * __thiscall std::_Container_base12::_Getpfirst(void)const " (__imp_?_Getpfirst@_Container_base12@std@@QBEPAPAU_Iterator_base12@2@XZ) referenced in function "public: void __thiscall std::list<struct std::pair<class std::basic_string<char,struct std::char_traits<char>,class std::allocator<char> > const ,int>,class std::allocator<struct std::pair<class std::basic_string<char,struct std::char_traits<char>,class std::allocator<char> > const ,int> > >::_Orphan_ptr(class std::list<struct std::pair<class std::basic_string<char,struct std::char_traits<char>,class std::allocator<char> > const ,int>,class std::allocator<struct std::pair<class std::basic_string<char,struct std::char_traits<char>,class std::allocator<char> > const ,int> > > &,struct std::_List_nod<struct std::pair<class std::basic_string<char,struct std::char_traits<char>,class std::allocator<char> > const ,int>,class std::allocator<struct std::pair<class std::basic_string<char,struct std::char_traits<char>,class std::allocator<char> > const ,int> > >::_Node *)const " (?_Orphan_ptr@?$list@U?$pair@$$CBV?$basic_string@DU?$char_traits@D@std@@V?$allocator@D@2@@std@@H@std@@V?$allocator@U?$pair@$$CBV?$basic_string@DU?$char_traits@D@std@@V?$allocator@D@2@@std@@H@std@@@2@@std@@QBEXAAV12@PAU_Node@?$_List_nod@U?$pair@$$CBV?$basic_string@DU?$char_traits@D@std@@V?$allocator@D@2@@std@@H@std@@V?$allocator@U?$pair@$$CBV?$basic_string@DU?$char_traits@D@std@@V?$allocator@D@2@@std@@H@std@@@2@@2@@Z)
AIE Basic Framework_d.lib(pctimer.obj) : error LNK2001: unresolved external symbol "__declspec(dllimport) public: struct std::_Iterator_base12 * * __thiscall std::_Container_base12::_Getpfirst(void)const " (__imp_?_Getpfirst@_Container_base12@std@@QBEPAPAU_Iterator_base12@2@XZ)
AIE Basic Framework_d.lib(GL_Functions.obj) : error LNK2019: unresolved external symbol __imp__vsprintf_s referenced in function "int __cdecl sprintf_s<256>(char (&)[256],char const *,...)" (??$sprintf_s@$0BAA@@@YAHAAY0BAA@DPBDZZ)
AIE Basic Framework_d.lib(GL_Functions.obj) : error LNK2019: unresolved external symbol "__declspec(dllimport) public: __thiscall std::exception::exception(char const * const &)" (__imp_??0exception@std@@QAE@ABQBD@Z) referenced in function "public: __thiscall std::bad_alloc::bad_alloc(char const *)" (??0bad_alloc@std@@QAE@PBD@Z)
AIE Basic Framework_d.lib(pctimer.obj) : error LNK2001: unresolved external symbol "__declspec(dllimport) public: __thiscall std::exception::exception(char const * const &)" (__imp_??0exception@std@@QAE@ABQBD@Z)
    Hint on symbols that are defined and could potentially match:
      "__declspec(dllimport) public: __thiscall std::exception::exception(class std::exception const &)" (__imp_??0exception@std@@QAE@ABV01@@Z)
F:\Old comp files\Momin_Muhammad_Assg2\SDL App\Debug\Empty SDL App.exe : fatal error LNK1120: 7 unresolved externals
